<?xml version="1.0" encoding="UTF-8"?>
<!-- Generated by org.testng.reporters.JUnitXMLReporter -->
<testsuite hostname="DESKTOP-LE7ED03" ignored="0" name="Default test" tests="3" failures="0" timestamp="2020-07-13T13:07:17 IST" time="9.022" errors="0">
  <testcase name="getPetTest" time="4.577" classname="TestCase.GetPetTest"/>
  <testcase name="getPetTest" time="1.858" classname="TestCase.GetPetTest"/>
  <testcase name="getPetTest" time="1.743" classname="TestCase.GetPetTest"/>
</testsuite> <!-- Default test -->
