<?xml version="1.0" encoding="UTF-8"?>
<!-- Generated by org.testng.reporters.JUnitXMLReporter -->
<testsuite hostname="NIBC3032" ignored="0" name="Default test" tests="4" failures="0" timestamp="2020-07-21T21:09:57 IST" time="6.661" errors="0">
  <testcase name="addpettest" time="2.707" classname="TestCase.AddPetTest"/>
  <testcase name="addpettest" time="1.224" classname="TestCase.AddPetTest"/>
  <testcase name="addpettest" time="1.21" classname="TestCase.AddPetTest"/>
  <testcase name="addpettest" time="1.19" classname="TestCase.AddPetTest"/>
</testsuite> <!-- Default test -->
