<?xml version="1.0" encoding="UTF-8"?>
<!-- Generated by org.testng.reporters.JUnitXMLReporter -->
<testsuite hostname="NIBC3032" ignored="4" name="Test" tests="9" failures="0" timestamp="2020-07-14T21:13:07 IST" time="12.622" errors="0">
  <testcase name="addpettest" time="2.741" classname="TestCase.AddPetTest"/>
  <testcase name="addpettest" time="1.244" classname="TestCase.AddPetTest"/>
  <testcase name="addpettest" time="1.21" classname="TestCase.AddPetTest"/>
  <testcase name="getPetTest" time="1.155" classname="TestCase.GetPetTest"/>
  <testcase name="getPetTest" time="1.172" classname="TestCase.GetPetTest"/>
  <testcase name="getPetTest" time="1.216" classname="TestCase.GetPetTest"/>
  <testcase name="deletePetTest" time="1.185" classname="TestCase.DeletePetTest"/>
  <testcase name="deletePetTest" time="1.166" classname="TestCase.DeletePetTest"/>
  <testcase name="deletePetTest" time="1.177" classname="TestCase.DeletePetTest"/>
  <testcase name="@BeforeSuite setupSuite" time="0.0" classname="Testbase.Baseclass">
    <ignored/>
  </testcase> <!-- @BeforeSuite setupSuite -->
  <testcase name="@BeforeSuite setupSuite" time="0.0" classname="Testbase.Baseclass">
    <ignored/>
  </testcase> <!-- @BeforeSuite setupSuite -->
  <testcase name="@AfterSuite teardown" time="0.0" classname="Testbase.Baseclass">
    <ignored/>
  </testcase> <!-- @AfterSuite teardown -->
  <testcase name="@AfterSuite teardown" time="0.0" classname="Testbase.Baseclass">
    <ignored/>
  </testcase> <!-- @AfterSuite teardown -->
</testsuite> <!-- Test -->
