<?xml version="1.0" encoding="UTF-8"?>
<!-- Generated by org.testng.reporters.JUnitXMLReporter -->
<testsuite hostname="NIBC3032" ignored="2" name="Test" tests="7" failures="0" timestamp="2020-07-21T21:18:25 IST" time="6.312" errors="0">
  <testcase name="addpettest" time="1.484" classname="TestCase.AddPetTest"/>
  <testcase name="getPetTest" time="2.403" classname="TestCase.GetPetTest"/>
  <testcase name="getPetTest" time="1.109" classname="TestCase.GetPetTest"/>
  <testcase name="addpettest" time="1.18" classname="TestCase.AddPetTest"/>
  <testcase name="getPetTest" time="1.21" classname="TestCase.GetPetTest"/>
  <testcase name="addpettest" time="1.202" classname="TestCase.AddPetTest"/>
  <testcase name="addpettest" time="1.208" classname="TestCase.AddPetTest"/>
  <testcase name="@BeforeSuite setupSuite" time="0.0" classname="Testbase.Baseclass">
    <ignored/>
  </testcase> <!-- @BeforeSuite setupSuite -->
  <testcase name="@AfterSuite teardown" time="0.0" classname="Testbase.Baseclass">
    <ignored/>
  </testcase> <!-- @AfterSuite teardown -->
</testsuite> <!-- Test -->
