<?xml version="1.0" encoding="UTF-8"?>
<testng-results skipped="0" failed="0" ignored="2" total="9" passed="7">
  <reporter-output>
  </reporter-output>
  <suite name="Suite" duration-ms="6312" started-at="2020-07-21T21:18:19 IST" finished-at="2020-07-21T21:18:25 IST">
    <groups>
    </groups>
    <test name="Test" duration-ms="6312" started-at="2020-07-21T21:18:19 IST" finished-at="2020-07-21T21:18:25 IST">
      <class name="TestCase.AddPetTest">
        <test-method status="PASS" signature="setupSuite()[pri:0, instance:TestCase.AddPetTest@1f7030a6]" name="setupSuite" is-config="true" duration-ms="77" started-at="2020-07-21T21:18:19 IST" finished-at="2020-07-21T21:18:19 IST">
          <reporter-output>
          </reporter-output>
        </test-method> <!-- setupSuite -->
        <test-method status="PASS" signature="addpettest(java.lang.String, java.lang.String, java.lang.String)[pri:0, instance:TestCase.AddPetTest@1f7030a6]" name="addpettest" duration-ms="1484" started-at="2020-07-21T21:18:20 IST" data-provider="insertdata" finished-at="2020-07-21T21:18:22 IST">
          <params>
            <param index="0">
              <value>
                <![CDATA[34.0]]>
              </value>
            </param>
            <param index="1">
              <value>
                <![CDATA[parrot]]>
              </value>
            </param>
            <param index="2">
              <value>
                <![CDATA[available]]>
              </value>
            </param>
          </params>
          <reporter-output>
          </reporter-output>
        </test-method> <!-- addpettest -->
        <test-method status="PASS" signature="getResult(org.testng.ITestResult)[pri:0, instance:TestCase.AddPetTest@1f7030a6]" name="getResult" is-config="true" duration-ms="3" started-at="2020-07-21T21:18:22 IST" finished-at="2020-07-21T21:18:22 IST">
          <params>
            <param index="0">
              <value>
                <![CDATA[[TestResult name=addpettest status=SUCCESS method=AddPetTest.addpettest(java.lang.String, java.lang.String, java.lang.String)[pri:0, instance:TestCase.AddPetTest@1f7030a6] output={null}]]]>
              </value>
            </param>
          </params>
          <reporter-output>
          </reporter-output>
        </test-method> <!-- getResult -->
        <test-method status="PASS" signature="addpettest(java.lang.String, java.lang.String, java.lang.String)[pri:0, instance:TestCase.AddPetTest@1f7030a6]" name="addpettest" duration-ms="1180" started-at="2020-07-21T21:18:22 IST" data-provider="insertdata" finished-at="2020-07-21T21:18:23 IST">
          <params>
            <param index="0">
              <value>
                <![CDATA[45.0]]>
              </value>
            </param>
            <param index="1">
              <value>
                <![CDATA[jackel]]>
              </value>
            </param>
            <param index="2">
              <value>
                <![CDATA[available]]>
              </value>
            </param>
          </params>
          <reporter-output>
          </reporter-output>
        </test-method> <!-- addpettest -->
        <test-method status="PASS" signature="getResult(org.testng.ITestResult)[pri:0, instance:TestCase.AddPetTest@1f7030a6]" name="getResult" is-config="true" duration-ms="0" started-at="2020-07-21T21:18:23 IST" finished-at="2020-07-21T21:18:23 IST">
          <params>
            <param index="0">
              <value>
                <![CDATA[[TestResult name=addpettest status=SUCCESS method=AddPetTest.addpettest(java.lang.String, java.lang.String, java.lang.String)[pri:0, instance:TestCase.AddPetTest@1f7030a6] output={null}]]]>
              </value>
            </param>
          </params>
          <reporter-output>
          </reporter-output>
        </test-method> <!-- getResult -->
        <test-method status="PASS" signature="addpettest(java.lang.String, java.lang.String, java.lang.String)[pri:0, instance:TestCase.AddPetTest@1f7030a6]" name="addpettest" duration-ms="1202" started-at="2020-07-21T21:18:23 IST" data-provider="insertdata" finished-at="2020-07-21T21:18:24 IST">
          <params>
            <param index="0">
              <value>
                <![CDATA[54.0]]>
              </value>
            </param>
            <param index="1">
              <value>
                <![CDATA[bear]]>
              </value>
            </param>
            <param index="2">
              <value>
                <![CDATA[available]]>
              </value>
            </param>
          </params>
          <reporter-output>
          </reporter-output>
        </test-method> <!-- addpettest -->
        <test-method status="PASS" signature="getResult(org.testng.ITestResult)[pri:0, instance:TestCase.AddPetTest@1f7030a6]" name="getResult" is-config="true" duration-ms="0" started-at="2020-07-21T21:18:24 IST" finished-at="2020-07-21T21:18:24 IST">
          <params>
            <param index="0">
              <value>
                <![CDATA[[TestResult name=addpettest status=SUCCESS method=AddPetTest.addpettest(java.lang.String, java.lang.String, java.lang.String)[pri:0, instance:TestCase.AddPetTest@1f7030a6] output={null}]]]>
              </value>
            </param>
          </params>
          <reporter-output>
          </reporter-output>
        </test-method> <!-- getResult -->
        <test-method status="PASS" signature="addpettest(java.lang.String, java.lang.String, java.lang.String)[pri:0, instance:TestCase.AddPetTest@1f7030a6]" name="addpettest" duration-ms="1208" started-at="2020-07-21T21:18:24 IST" data-provider="insertdata" finished-at="2020-07-21T21:18:25 IST">
          <params>
            <param index="0">
              <value>
                <![CDATA[42.0]]>
              </value>
            </param>
            <param index="1">
              <value>
                <![CDATA[peacock]]>
              </value>
            </param>
            <param index="2">
              <value>
                <![CDATA[available]]>
              </value>
            </param>
          </params>
          <reporter-output>
          </reporter-output>
        </test-method> <!-- addpettest -->
        <test-method status="PASS" signature="getResult(org.testng.ITestResult)[pri:0, instance:TestCase.AddPetTest@1f7030a6]" name="getResult" is-config="true" duration-ms="1" started-at="2020-07-21T21:18:25 IST" finished-at="2020-07-21T21:18:25 IST">
          <params>
            <param index="0">
              <value>
                <![CDATA[[TestResult name=addpettest status=SUCCESS method=AddPetTest.addpettest(java.lang.String, java.lang.String, java.lang.String)[pri:0, instance:TestCase.AddPetTest@1f7030a6] output={null}]]]>
              </value>
            </param>
          </params>
          <reporter-output>
          </reporter-output>
        </test-method> <!-- getResult -->
        <test-method status="PASS" signature="teardown()[pri:0, instance:TestCase.AddPetTest@1f7030a6]" name="teardown" is-config="true" duration-ms="169" started-at="2020-07-21T21:18:25 IST" finished-at="2020-07-21T21:18:26 IST">
          <reporter-output>
          </reporter-output>
        </test-method> <!-- teardown -->
      </class> <!-- TestCase.AddPetTest -->
      <class name="TestCase.GetPetTest">
        <test-method status="PASS" signature="getPetTest(java.lang.String, java.lang.String, java.lang.String)[pri:0, instance:TestCase.GetPetTest@5a1c0542]" name="getPetTest" duration-ms="2403" started-at="2020-07-21T21:18:19 IST" data-provider="insertdata" finished-at="2020-07-21T21:18:22 IST">
          <params>
            <param index="0">
              <value>
                <![CDATA[8.0]]>
              </value>
            </param>
            <param index="1">
              <value>
                <![CDATA[parrot]]>
              </value>
            </param>
            <param index="2">
              <value>
                <![CDATA[available]]>
              </value>
            </param>
          </params>
          <reporter-output>
          </reporter-output>
        </test-method> <!-- getPetTest -->
        <test-method status="PASS" signature="getResult(org.testng.ITestResult)[pri:0, instance:TestCase.GetPetTest@5a1c0542]" name="getResult" is-config="true" duration-ms="1" started-at="2020-07-21T21:18:22 IST" finished-at="2020-07-21T21:18:22 IST">
          <params>
            <param index="0">
              <value>
                <![CDATA[[TestResult name=getPetTest status=SUCCESS method=GetPetTest.getPetTest(java.lang.String, java.lang.String, java.lang.String)[pri:0, instance:TestCase.GetPetTest@5a1c0542] output={null}]]]>
              </value>
            </param>
          </params>
          <reporter-output>
          </reporter-output>
        </test-method> <!-- getResult -->
        <test-method status="PASS" signature="getPetTest(java.lang.String, java.lang.String, java.lang.String)[pri:0, instance:TestCase.GetPetTest@5a1c0542]" name="getPetTest" duration-ms="1109" started-at="2020-07-21T21:18:22 IST" data-provider="insertdata" finished-at="2020-07-21T21:18:23 IST">
          <params>
            <param index="0">
              <value>
                <![CDATA[9.0]]>
              </value>
            </param>
            <param index="1">
              <value>
                <![CDATA[jackel]]>
              </value>
            </param>
            <param index="2">
              <value>
                <![CDATA[available]]>
              </value>
            </param>
          </params>
          <reporter-output>
          </reporter-output>
        </test-method> <!-- getPetTest -->
        <test-method status="PASS" signature="getPetTest(java.lang.String, java.lang.String, java.lang.String)[pri:0, instance:TestCase.GetPetTest@5a1c0542]" name="getPetTest" duration-ms="1210" started-at="2020-07-21T21:18:23 IST" data-provider="insertdata" finished-at="2020-07-21T21:18:24 IST">
          <params>
            <param index="0">
              <value>
                <![CDATA[11.0]]>
              </value>
            </param>
            <param index="1">
              <value>
                <![CDATA[peacock]]>
              </value>
            </param>
            <param index="2">
              <value>
                <![CDATA[available]]>
              </value>
            </param>
          </params>
          <reporter-output>
          </reporter-output>
        </test-method> <!-- getPetTest -->
        <test-method status="PASS" signature="getResult(org.testng.ITestResult)[pri:0, instance:TestCase.GetPetTest@5a1c0542]" name="getResult" is-config="true" duration-ms="0" started-at="2020-07-21T21:18:23 IST" finished-at="2020-07-21T21:18:23 IST">
          <params>
            <param index="0">
              <value>
                <![CDATA[[TestResult name=getPetTest status=SUCCESS method=GetPetTest.getPetTest(java.lang.String, java.lang.String, java.lang.String)[pri:0, instance:TestCase.GetPetTest@5a1c0542] output={null}]]]>
              </value>
            </param>
          </params>
          <reporter-output>
          </reporter-output>
        </test-method> <!-- getResult -->
        <test-method status="PASS" signature="getResult(org.testng.ITestResult)[pri:0, instance:TestCase.GetPetTest@5a1c0542]" name="getResult" is-config="true" duration-ms="0" started-at="2020-07-21T21:18:24 IST" finished-at="2020-07-21T21:18:24 IST">
          <params>
            <param index="0">
              <value>
                <![CDATA[[TestResult name=getPetTest status=SUCCESS method=GetPetTest.getPetTest(java.lang.String, java.lang.String, java.lang.String)[pri:0, instance:TestCase.GetPetTest@5a1c0542] output={null}]]]>
              </value>
            </param>
          </params>
          <reporter-output>
          </reporter-output>
        </test-method> <!-- getResult -->
      </class> <!-- TestCase.GetPetTest -->
    </test> <!-- Test -->
  </suite> <!-- Suite -->
</testng-results>
